<?xml version="1.0" encoding="UTF-8"?>
<testng-results skipped="0" failed="0" total="2" passed="2">
  <reporter-output>
  </reporter-output>
  <suite name="Suite" duration-ms="29267" started-at="2022-05-01T03:26:05Z" finished-at="2022-05-01T03:26:34Z">
    <groups>
    </groups>
    <test name="Test" duration-ms="29267" started-at="2022-05-01T03:26:05Z" finished-at="2022-05-01T03:26:34Z">
      <class name="com.amazontestrunner.LogInPageTestRunner">
        <test-method status="PASS" signature="setUp()[pri:0, instance:com.amazontestrunner.LogInPageTestRunner@604ed9f0]" name="setUp" is-config="true" duration-ms="7945" started-at="2022-05-01T08:56:05Z" finished-at="2022-05-01T08:56:13Z">
          <reporter-output>
          </reporter-output>
        </test-method> <!-- setUp -->
        <test-method status="PASS" signature="AM_01()[pri:0, instance:com.amazontestrunner.LogInPageTestRunner@604ed9f0]" name="AM_01" duration-ms="7484" started-at="2022-05-01T08:56:13Z" finished-at="2022-05-01T08:56:20Z">
          <reporter-output>
          </reporter-output>
        </test-method> <!-- AM_01 -->
        <test-method status="PASS" signature="tearDown()[pri:0, instance:com.amazontestrunner.LogInPageTestRunner@604ed9f0]" name="tearDown" is-config="true" duration-ms="148" started-at="2022-05-01T08:56:20Z" finished-at="2022-05-01T08:56:20Z">
          <reporter-output>
          </reporter-output>
        </test-method> <!-- tearDown -->
        <test-method status="PASS" signature="setUp()[pri:0, instance:com.amazontestrunner.LogInPageTestRunner@604ed9f0]" name="setUp" is-config="true" duration-ms="9062" started-at="2022-05-01T08:56:20Z" finished-at="2022-05-01T08:56:29Z">
          <reporter-output>
          </reporter-output>
        </test-method> <!-- setUp -->
        <test-method status="PASS" signature="AM_02()[pri:0, instance:com.amazontestrunner.LogInPageTestRunner@604ed9f0]" name="AM_02" duration-ms="4281" started-at="2022-05-01T08:56:29Z" finished-at="2022-05-01T08:56:34Z">
          <reporter-output>
          </reporter-output>
        </test-method> <!-- AM_02 -->
        <test-method status="PASS" signature="tearDown()[pri:0, instance:com.amazontestrunner.LogInPageTestRunner@604ed9f0]" name="tearDown" is-config="true" duration-ms="310" started-at="2022-05-01T08:56:34Z" finished-at="2022-05-01T08:56:34Z">
          <reporter-output>
          </reporter-output>
        </test-method> <!-- tearDown -->
      </class> <!-- com.amazontestrunner.LogInPageTestRunner -->
    </test> <!-- Test -->
  </suite> <!-- Suite -->
</testng-results>
